New log file opened at Wed Sep 23 21:54:32 BST 2015 by 7545@OSTML0195484
Sending msg to client activator-2976351c-6c52-4d04-a6cf-7881607ef160: DetachedLogEvent(LogMessage(debug,sbt client logs are in: /Users/mjo39/Documents/playWorkspace/play-java-intro/.sbtserver/connections/activator-2976351c-6c52-4d04-a6cf-7881607ef160.log))
Sending msg to client activator-2976351c-6c52-4d04-a6cf-7881607ef160: DetachedLogEvent(LogMessage(debug,sbt server socket logs are in: /Users/mjo39/Documents/playWorkspace/play-java-intro/.sbtserver/connections/master.log))
Reading next message from client.
Sending msg to client activator-2976351c-6c52-4d04-a6cf-7881607ef160: DetachedLogEvent(LogMessage(debug,sbt general server logs are in: /Users/mjo39/Documents/playWorkspace/play-java-intro/.sbtserver/master.log))
Got request: ListenToEvents()
Reading next message from client.
Got request: ListenToBuildChange()
Reading next message from client.
Got request: SendSyntheticBuildChanged()
Reading next message from client.
Got request: KeyLookupRequest(discoveredMainClasses)
Reading next message from client.
Got request: KeyLookupRequest(mainClass)
Reading next message from client.
Sending msg to client activator-2976351c-6c52-4d04-a6cf-7881607ef160: DetachedLogEvent(LogMessage(debug,> --initialize))
Sending msg to client activator-2976351c-6c52-4d04-a6cf-7881607ef160: (3,ReceivedResponse())
Sending msg to client activator-2976351c-6c52-4d04-a6cf-7881607ef160: DetachedLogEvent(LogMessage(debug,> initialize))
Sending msg to client activator-2976351c-6c52-4d04-a6cf-7881607ef160: DetachedLogEvent(LogMessage(debug,> onFailure load-failed))
Sending msg to client activator-2976351c-6c52-4d04-a6cf-7881607ef160: DetachedLogEvent(LogMessage(debug,> boot))
Sending msg to client activator-2976351c-6c52-4d04-a6cf-7881607ef160: DetachedLogEvent(LogMessage(debug,> reload))
Sending msg to client activator-2976351c-6c52-4d04-a6cf-7881607ef160: DetachedLogEvent(LogMessage(debug,[Loading] Scanning directory /Users/mjo39/Documents/playWorkspace/play-java-intro/project))
Sending msg to client activator-2976351c-6c52-4d04-a6cf-7881607ef160: DetachedLogEvent(LogMessage(debug,[Loading] Found non-root projects ))
Sending msg to client activator-2976351c-6c52-4d04-a6cf-7881607ef160: DetachedLogEvent(LogMessage(debug,[Loading] Done in /Users/mjo39/Documents/playWorkspace/play-java-intro/project, returning: ()))
Sending msg to client activator-2976351c-6c52-4d04-a6cf-7881607ef160: DetachedLogEvent(LogMessage(debug,deducing auto plugins based on known facts Set(Atom(sbt.plugins.CorePlugin)) and clauses Clauses(List(Clause(Atom(sbt.plugins.JvmPlugin),Set(Atom(sbt.plugins.IvyPlugin))), Clause(Atom(sbt.plugins.JUnitXmlReportPlugin),Set(Atom(sbt.plugins.JvmPlugin))), Clause(Atom(sbt.plugins.CorePlugin),Set(Atom(sbt.plugins.IvyPlugin))), Clause(Atom(sbt.plugins.IvyPlugin),Set(Atom(sbt.plugins.JvmPlugin))), Clause(Atom(sbt.plugins.JvmPlugin),Set(Atom(sbt.plugins.JUnitXmlReportPlugin)))))))
Sending msg to client activator-2976351c-6c52-4d04-a6cf-7881607ef160: DetachedLogEvent(LogMessage(debug,  :: deduced result: Matched(sbt.plugins.CorePlugin,sbt.plugins.IvyPlugin,sbt.plugins.JvmPlugin,sbt.plugins.JUnitXmlReportPlugin)))
Sending msg to client activator-2976351c-6c52-4d04-a6cf-7881607ef160: DetachedLogEvent(LogMessage(debug,sorting: ns: List(sbt.plugins.CorePlugin, sbt.plugins.IvyPlugin, sbt.plugins.JvmPlugin, sbt.plugins.JUnitXmlReportPlugin)))
Sending msg to client activator-2976351c-6c52-4d04-a6cf-7881607ef160: DetachedLogEvent(LogMessage(debug,  :: sorting:: found: List(sbt.plugins.CorePlugin) not found List(sbt.plugins.IvyPlugin, sbt.plugins.JvmPlugin, sbt.plugins.JUnitXmlReportPlugin)))
Sending msg to client activator-2976351c-6c52-4d04-a6cf-7881607ef160: DetachedLogEvent(LogMessage(debug,  :: sorting:: found: List(sbt.plugins.CorePlugin, sbt.plugins.IvyPlugin) not found List(sbt.plugins.JvmPlugin, sbt.plugins.JUnitXmlReportPlugin)))
Sending msg to client activator-2976351c-6c52-4d04-a6cf-7881607ef160: DetachedLogEvent(LogMessage(debug,  :: sorting:: found: List(sbt.plugins.CorePlugin, sbt.plugins.IvyPlugin, sbt.plugins.JvmPlugin) not found List(sbt.plugins.JUnitXmlReportPlugin)))
Sending msg to client activator-2976351c-6c52-4d04-a6cf-7881607ef160: DetachedLogEvent(LogMessage(debug,  :: sorting:: found: List(sbt.plugins.CorePlugin, sbt.plugins.IvyPlugin, sbt.plugins.JvmPlugin, sbt.plugins.JUnitXmlReportPlugin) not found List()))
Sending msg to client activator-2976351c-6c52-4d04-a6cf-7881607ef160: DetachedLogEvent(LogMessage(debug,  :: sorted deduced result: List(sbt.plugins.CorePlugin, sbt.plugins.IvyPlugin, sbt.plugins.JvmPlugin, sbt.plugins.JUnitXmlReportPlugin)))
Sending msg to client activator-2976351c-6c52-4d04-a6cf-7881607ef160: DetachedLogEvent(LogMessage(debug,[Loading] Done in /Users/mjo39/Documents/playWorkspace/play-java-intro/project, returning: (play-java-intro-build)))
Sending msg to client activator-2976351c-6c52-4d04-a6cf-7881607ef160: DetachedLogEvent(LogMessage(info,Loading project definition from /Users/mjo39/Documents/playWorkspace/play-java-intro/project))
Sending msg to client activator-2976351c-6c52-4d04-a6cf-7881607ef160: DetachedLogEvent(LogMessage(debug,Running task... Cancel: sbt.TaskCancellationStrategy$Null$@55481f25, check cycles: false))
Sending msg to client activator-2976351c-6c52-4d04-a6cf-7881607ef160: DetachedLogEvent(LogMessage(debug,
Initial source changes: 
	removed:Set()
	added: Set()
	modified: Set()
Removed products: Set()
External API changes: API Changes: Set()
Modified binary dependencies: Set()
Initial directly invalidated sources: Set()

Sources indirectly invalidated by:
	product: Set()
	binary dep: Set()
	external source: Set()))
Sending msg to client activator-2976351c-6c52-4d04-a6cf-7881607ef160: DetachedLogEvent(LogMessage(debug,All initially invalidated sources: Set()
))
Sending msg to client activator-2976351c-6c52-4d04-a6cf-7881607ef160: DetachedLogEvent(LogMessage(debug,Copy resource mappings: 
	))
Sending msg to client activator-2976351c-6c52-4d04-a6cf-7881607ef160: DetachedLogEvent(LogMessage(debug,[Loading] Scanning directory /Users/mjo39/Documents/playWorkspace/play-java-intro))
Sending msg to client activator-2976351c-6c52-4d04-a6cf-7881607ef160: DetachedLogEvent(LogTrace(FileNotFoundException,/Users/mjo39/Documents/playWorkspace/play-java-intro/plugins.sbt (Is a directory)))
Sending msg to client activator-2976351c-6c52-4d04-a6cf-7881607ef160: DetachedLogEvent(LogMessage(error,java.io.FileNotFoundException: /Users/mjo39/Documents/playWorkspace/play-java-intro/plugins.sbt (Is a directory)))
Sending msg to client activator-2976351c-6c52-4d04-a6cf-7881607ef160: DetachedLogEvent(LogMessage(error,Use 'last' for the full log.))
Sending msg to client activator-2976351c-6c52-4d04-a6cf-7881607ef160: DetachedLogEvent(LogMessage(debug,> load-failed))
Sending msg to client activator-2976351c-6c52-4d04-a6cf-7881607ef160: DetachedLogEvent(LogMessage(error,Failed to load project.))
Sending msg to client activator-2976351c-6c52-4d04-a6cf-7881607ef160: BuildFailedToLoad()
Sending msg to client activator-2976351c-6c52-4d04-a6cf-7881607ef160: DetachedLogEvent(LogMessage(debug,> server-wait-for-reboot))
Got request: UnlistenToEvents()
Reading next message from client.
Sending msg to client activator-2976351c-6c52-4d04-a6cf-7881607ef160: (8,ReceivedResponse())
Got request: UnlistenToBuildChange()
Reading next message from client.
Client activator-2976351c-6c52-4d04-a6cf-7881607ef160 EOF, shutting down.
Stopping client.
Dropping message (0,ReceivedResponse()) to dead client activator-2976351c-6c52-4d04-a6cf-7881607ef160
Client activator-2976351c-6c52-4d04-a6cf-7881607ef160 thread exiting.
