New log file opened at Wed Sep 23 21:54:32 BST 2015 by 7545@OSTML0195484
Sending msg to client activator-86c09acf-4f1a-4dce-9eae-a0a393b61431: DetachedLogEvent(LogMessage(debug,sbt client logs are in: /Users/mjo39/Documents/playWorkspace/play-java-intro/.sbtserver/connections/activator-86c09acf-4f1a-4dce-9eae-a0a393b61431.log))
Reading next message from client.
Got request: ListenToEvents()
Reading next message from client.
Got request: ListenToBuildChange()
Reading next message from client.
Got request: SendSyntheticBuildChanged()
Reading next message from client.
Got request: KeyLookupRequest(discoveredMainClasses)
Reading next message from client.
Sending msg to client activator-86c09acf-4f1a-4dce-9eae-a0a393b61431: (3,ReceivedResponse())
Got request: KeyLookupRequest(mainClass)
Reading next message from client.
Sending msg to client activator-86c09acf-4f1a-4dce-9eae-a0a393b61431: DetachedLogEvent(LogMessage(debug,sbt server socket logs are in: /Users/mjo39/Documents/playWorkspace/play-java-intro/.sbtserver/connections/master.log))
Sending msg to client activator-86c09acf-4f1a-4dce-9eae-a0a393b61431: DetachedLogEvent(LogMessage(debug,sbt general server logs are in: /Users/mjo39/Documents/playWorkspace/play-java-intro/.sbtserver/master.log))
Sending msg to client activator-86c09acf-4f1a-4dce-9eae-a0a393b61431: DetachedLogEvent(LogMessage(debug,> initialize))
Sending msg to client activator-86c09acf-4f1a-4dce-9eae-a0a393b61431: DetachedLogEvent(LogMessage(debug,> onFailure load-failed))
Sending msg to client activator-86c09acf-4f1a-4dce-9eae-a0a393b61431: DetachedLogEvent(LogMessage(debug,> boot))
Sending msg to client activator-86c09acf-4f1a-4dce-9eae-a0a393b61431: DetachedLogEvent(LogMessage(debug,> reload))
Sending msg to client activator-86c09acf-4f1a-4dce-9eae-a0a393b61431: DetachedLogEvent(LogMessage(debug,[Loading] Scanning directory /Users/mjo39/Documents/playWorkspace/play-java-intro/project))
Sending msg to client activator-86c09acf-4f1a-4dce-9eae-a0a393b61431: DetachedLogEvent(LogMessage(debug,[Loading] Found non-root projects ))
Sending msg to client activator-86c09acf-4f1a-4dce-9eae-a0a393b61431: DetachedLogEvent(LogMessage(debug,[Loading] Done in /Users/mjo39/Documents/playWorkspace/play-java-intro/project, returning: ()))
Sending msg to client activator-86c09acf-4f1a-4dce-9eae-a0a393b61431: DetachedLogEvent(LogMessage(debug,deducing auto plugins based on known facts Set(Atom(sbt.plugins.CorePlugin)) and clauses Clauses(List(Clause(Atom(sbt.plugins.JvmPlugin),Set(Atom(sbt.plugins.IvyPlugin))), Clause(Atom(sbt.plugins.JUnitXmlReportPlugin),Set(Atom(sbt.plugins.JvmPlugin))), Clause(Atom(sbt.plugins.CorePlugin),Set(Atom(sbt.plugins.IvyPlugin))), Clause(Atom(sbt.plugins.IvyPlugin),Set(Atom(sbt.plugins.JvmPlugin))), Clause(Atom(sbt.plugins.JvmPlugin),Set(Atom(sbt.plugins.JUnitXmlReportPlugin)))))))
Sending msg to client activator-86c09acf-4f1a-4dce-9eae-a0a393b61431: DetachedLogEvent(LogMessage(debug,  :: deduced result: Matched(sbt.plugins.CorePlugin,sbt.plugins.IvyPlugin,sbt.plugins.JvmPlugin,sbt.plugins.JUnitXmlReportPlugin)))
Sending msg to client activator-86c09acf-4f1a-4dce-9eae-a0a393b61431: DetachedLogEvent(LogMessage(debug,sorting: ns: List(sbt.plugins.CorePlugin, sbt.plugins.IvyPlugin, sbt.plugins.JvmPlugin, sbt.plugins.JUnitXmlReportPlugin)))
Sending msg to client activator-86c09acf-4f1a-4dce-9eae-a0a393b61431: DetachedLogEvent(LogMessage(debug,  :: sorting:: found: List(sbt.plugins.CorePlugin) not found List(sbt.plugins.IvyPlugin, sbt.plugins.JvmPlugin, sbt.plugins.JUnitXmlReportPlugin)))
Sending msg to client activator-86c09acf-4f1a-4dce-9eae-a0a393b61431: DetachedLogEvent(LogMessage(debug,  :: sorting:: found: List(sbt.plugins.CorePlugin, sbt.plugins.IvyPlugin) not found List(sbt.plugins.JvmPlugin, sbt.plugins.JUnitXmlReportPlugin)))
Sending msg to client activator-86c09acf-4f1a-4dce-9eae-a0a393b61431: DetachedLogEvent(LogMessage(debug,  :: sorting:: found: List(sbt.plugins.CorePlugin, sbt.plugins.IvyPlugin, sbt.plugins.JvmPlugin) not found List(sbt.plugins.JUnitXmlReportPlugin)))
Sending msg to client activator-86c09acf-4f1a-4dce-9eae-a0a393b61431: DetachedLogEvent(LogMessage(debug,  :: sorting:: found: List(sbt.plugins.CorePlugin, sbt.plugins.IvyPlugin, sbt.plugins.JvmPlugin, sbt.plugins.JUnitXmlReportPlugin) not found List()))
Sending msg to client activator-86c09acf-4f1a-4dce-9eae-a0a393b61431: DetachedLogEvent(LogMessage(debug,  :: sorted deduced result: List(sbt.plugins.CorePlugin, sbt.plugins.IvyPlugin, sbt.plugins.JvmPlugin, sbt.plugins.JUnitXmlReportPlugin)))
Sending msg to client activator-86c09acf-4f1a-4dce-9eae-a0a393b61431: DetachedLogEvent(LogMessage(debug,[Loading] Done in /Users/mjo39/Documents/playWorkspace/play-java-intro/project, returning: (play-java-intro-build)))
Sending msg to client activator-86c09acf-4f1a-4dce-9eae-a0a393b61431: DetachedLogEvent(LogMessage(info,Loading project definition from /Users/mjo39/Documents/playWorkspace/play-java-intro/project))
Sending msg to client activator-86c09acf-4f1a-4dce-9eae-a0a393b61431: DetachedLogEvent(LogMessage(debug,Running task... Cancel: sbt.TaskCancellationStrategy$Null$@55481f25, check cycles: false))
Sending msg to client activator-86c09acf-4f1a-4dce-9eae-a0a393b61431: DetachedLogEvent(LogMessage(debug,
Initial source changes: 
	removed:Set()
	added: Set()
	modified: Set()
Removed products: Set()
External API changes: API Changes: Set()
Modified binary dependencies: Set()
Initial directly invalidated sources: Set()

Sources indirectly invalidated by:
	product: Set()
	binary dep: Set()
	external source: Set()))
Sending msg to client activator-86c09acf-4f1a-4dce-9eae-a0a393b61431: DetachedLogEvent(LogMessage(debug,All initially invalidated sources: Set()
))
Sending msg to client activator-86c09acf-4f1a-4dce-9eae-a0a393b61431: DetachedLogEvent(LogMessage(debug,Copy resource mappings: 
	))
Sending msg to client activator-86c09acf-4f1a-4dce-9eae-a0a393b61431: DetachedLogEvent(LogMessage(debug,[Loading] Scanning directory /Users/mjo39/Documents/playWorkspace/play-java-intro))
Sending msg to client activator-86c09acf-4f1a-4dce-9eae-a0a393b61431: DetachedLogEvent(LogTrace(FileNotFoundException,/Users/mjo39/Documents/playWorkspace/play-java-intro/plugins.sbt (Is a directory)))
Sending msg to client activator-86c09acf-4f1a-4dce-9eae-a0a393b61431: DetachedLogEvent(LogMessage(error,java.io.FileNotFoundException: /Users/mjo39/Documents/playWorkspace/play-java-intro/plugins.sbt (Is a directory)))
Sending msg to client activator-86c09acf-4f1a-4dce-9eae-a0a393b61431: DetachedLogEvent(LogMessage(error,Use 'last' for the full log.))
Sending msg to client activator-86c09acf-4f1a-4dce-9eae-a0a393b61431: DetachedLogEvent(LogMessage(debug,> load-failed))
Sending msg to client activator-86c09acf-4f1a-4dce-9eae-a0a393b61431: DetachedLogEvent(LogMessage(error,Failed to load project.))
Sending msg to client activator-86c09acf-4f1a-4dce-9eae-a0a393b61431: BuildFailedToLoad()
Sending msg to client activator-86c09acf-4f1a-4dce-9eae-a0a393b61431: DetachedLogEvent(LogMessage(debug,> server-wait-for-reboot))
Got request: UnlistenToEvents()
Reading next message from client.
Sending msg to client activator-86c09acf-4f1a-4dce-9eae-a0a393b61431: (8,ReceivedResponse())
Got request: UnlistenToBuildChange()
Reading next message from client.
Client activator-86c09acf-4f1a-4dce-9eae-a0a393b61431 EOF, shutting down.
Stopping client.
Client activator-86c09acf-4f1a-4dce-9eae-a0a393b61431 thread exiting.
Dropping message (8,ReceivedResponse()) because client activator-86c09acf-4f1a-4dce-9eae-a0a393b61431 of an exception serializing and sending: java.net.SocketException: socket is closed
stack trace sending message was 
java.net.SocketException: socket is closed
	at sbt.impl.ipc.Peer.send(IPC.scala:74)
	at sbt.impl.ipc.Peer.reply(IPC.scala:88)
	at sbt.impl.ipc.Peer.replyString(IPC.scala:111)
	at sbt.impl.ipc.Peer.replyJson(IPC.scala:124)
	at sbt.server.SbtClientHandler$$anonfun$reply$1.apply$mcV$sp(SbtClientHandler.scala:132)
	at sbt.server.SbtClientHandler.wrappedSend(SbtClientHandler.scala:113)
	at sbt.server.SbtClientHandler.reply(SbtClientHandler.scala:132)
	at sbt.server.RequestProcessor.unlistenToEvents(RequestProcessor.scala:344)
	at sbt.server.RequestProcessor.handleRequestsNoBuildState(RequestProcessor.scala:363)
	at sbt.server.RequestProcessor.drainRequests$1(RequestProcessor.scala:296)
	at sbt.server.RequestProcessor.run(RequestProcessor.scala:306)
Dropping message (0,ReceivedResponse()) to dead client activator-86c09acf-4f1a-4dce-9eae-a0a393b61431
